<?xml version="1.0" encoding="UTF-8"?>
<coverage generated="1675608814285" clover="3.2.0">
  <project timestamp="1675608814285" name="All files">
    <metrics statements="19" coveredstatements="16" conditionals="4" coveredconditionals="4" methods="7" coveredmethods="2" elements="30" coveredelements="22" complexity="0" loc="19" ncloc="19" packages="1" files="2" classes="2"/>
    <file name="Utils.js" path="/Users/user/localbox/tdd-study/src/Utils.js">
      <metrics statements="5" coveredstatements="5" conditionals="4" coveredconditionals="4" methods="1" coveredmethods="1"/>
      <line num="2" count="4" type="stmt"/>
      <line num="4" count="4" type="stmt"/>
      <line num="5" count="4" type="cond" truecount="4" falsecount="0"/>
      <line num="6" count="3" type="stmt"/>
      <line num="8" count="4" type="stmt"/>
    </file>
    <file name="app.js" path="/Users/user/localbox/tdd-study/src/app.js">
      <metrics statements="14" coveredstatements="11" conditionals="0" coveredconditionals="0" methods="6" coveredmethods="1"/>
      <line num="5" count="1" type="stmt"/>
      <line num="7" count="1" type="stmt"/>
      <line num="8" count="1" type="stmt"/>
      <line num="10" count="1" type="stmt"/>
      <line num="11" count="1" type="stmt"/>
      <line num="13" count="1" type="stmt"/>
      <line num="14" count="1" type="stmt"/>
      <line num="16" count="1" type="stmt"/>
      <line num="17" count="1" type="stmt"/>
      <line num="19" count="1" type="stmt"/>
      <line num="20" count="1" type="stmt"/>
      <line num="23" count="0" type="stmt"/>
      <line num="26" count="0" type="stmt"/>
      <line num="29" count="0" type="stmt"/>
    </file>
  </project>
</coverage>
