{"/Users/user/localbox/tdd-study/src/Utils.js": {"path":"/Users/user/localbox/tdd-study/src/Utils.js","statementMap":{"0":{"start":{"line":2,"column":13},"end":{"line":2,"column":44}},"1":{"start":{"line":4,"column":2},"end":{"line":4,"column":30}},"2":{"start":{"line":5,"column":2},"end":{"line":6,"column":24}},"3":{"start":{"line":6,"column":4},"end":{"line":6,"column":24}},"4":{"start":{"line":8,"column":2},"end":{"line":8,"column":12}}},"fnMap":{"0":{"name":"createElement","decl":{"start":{"line":1,"column":16},"end":{"line":1,"column":29}},"loc":{"start":{"line":1,"column":56},"end":{"line":9,"column":1}},"line":1}},"branchMap":{"0":{"loc":{"start":{"line":5,"column":2},"end":{"line":6,"column":24}},"type":"if","locations":[{"start":{"line":5,"column":2},"end":{"line":6,"column":24}},{"start":{},"end":{}}],"line":5},"1":{"loc":{"start":{"line":5,"column":6},"end":{"line":5,"column":59}},"type":"binary-expr","locations":[{"start":{"line":5,"column":6},"end":{"line":5,"column":28}},{"start":{"line":5,"column":32},"end":{"line":5,"column":59}}],"line":5}},"s":{"0":4,"1":4,"2":4,"3":3,"4":4},"f":{"0":4},"b":{"0":[3,1],"1":[4,4]},"_coverageSchema":"1a1c01bbd47fc00a2c39e90264f33305004495a9","hash":"9c744c16b7b6f0d31057e6c4063efc5a5d6588c4"}
,"/Users/user/localbox/tdd-study/src/app.js": {"path":"/Users/user/localbox/tdd-study/src/app.js","statementMap":{"0":{"start":{"line":5,"column":4},"end":{"line":5,"column":31}},"1":{"start":{"line":7,"column":4},"end":{"line":7,"column":51}},"2":{"start":{"line":8,"column":4},"end":{"line":8,"column":35}},"3":{"start":{"line":10,"column":4},"end":{"line":10,"column":53}},"4":{"start":{"line":11,"column":4},"end":{"line":11,"column":40}},"5":{"start":{"line":13,"column":4},"end":{"line":13,"column":55}},"6":{"start":{"line":14,"column":4},"end":{"line":14,"column":41}},"7":{"start":{"line":16,"column":4},"end":{"line":16,"column":63}},"8":{"start":{"line":17,"column":4},"end":{"line":17,"column":43}},"9":{"start":{"line":19,"column":4},"end":{"line":19,"column":64}},"10":{"start":{"line":19,"column":46},"end":{"line":19,"column":62}},"11":{"start":{"line":20,"column":4},"end":{"line":20,"column":65}},"12":{"start":{"line":20,"column":47},"end":{"line":20,"column":63}},"13":{"start":{"line":23,"column":4},"end":{"line":23,"column":23}},"14":{"start":{"line":26,"column":4},"end":{"line":26,"column":43}},"15":{"start":{"line":29,"column":4},"end":{"line":29,"column":43}}},"fnMap":{"0":{"name":"(anonymous_0)","decl":{"start":{"line":4,"column":2},"end":{"line":4,"column":3}},"loc":{"start":{"line":4,"column":34},"end":{"line":21,"column":3}},"line":4},"1":{"name":"(anonymous_1)","decl":{"start":{"line":19,"column":40},"end":{"line":19,"column":41}},"loc":{"start":{"line":19,"column":46},"end":{"line":19,"column":62}},"line":19},"2":{"name":"(anonymous_2)","decl":{"start":{"line":20,"column":41},"end":{"line":20,"column":42}},"loc":{"start":{"line":20,"column":47},"end":{"line":20,"column":63}},"line":20},"3":{"name":"(anonymous_3)","decl":{"start":{"line":22,"column":2},"end":{"line":22,"column":3}},"loc":{"start":{"line":22,"column":14},"end":{"line":24,"column":3}},"line":22},"4":{"name":"(anonymous_4)","decl":{"start":{"line":25,"column":2},"end":{"line":25,"column":3}},"loc":{"start":{"line":25,"column":14},"end":{"line":27,"column":3}},"line":25},"5":{"name":"(anonymous_5)","decl":{"start":{"line":28,"column":2},"end":{"line":28,"column":3}},"loc":{"start":{"line":28,"column":14},"end":{"line":30,"column":3}},"line":28}},"branchMap":{},"s":{"0":1,"1":1,"2":1,"3":1,"4":1,"5":1,"6":1,"7":1,"8":1,"9":1,"10":0,"11":1,"12":0,"13":0,"14":0,"15":0},"f":{"0":1,"1":0,"2":0,"3":0,"4":0,"5":0},"b":{},"_coverageSchema":"1a1c01bbd47fc00a2c39e90264f33305004495a9","hash":"2d31450e05071cde7b2ca05c7431287986c024f4"}
}
