TN:
SF:src/Utils.js
FN:1,createElement
FNF:1
FNH:1
FNDA:4,createElement
DA:2,4
DA:4,4
DA:5,4
DA:6,3
DA:8,4
LF:5
LH:5
BRDA:5,0,0,3
BRDA:5,0,1,1
BRDA:5,1,0,4
BRDA:5,1,1,4
BRF:4
BRH:4
end_of_record
TN:
SF:src/app.js
FN:4,(anonymous_0)
FN:19,(anonymous_1)
FN:20,(anonymous_2)
FN:22,(anonymous_3)
FN:25,(anonymous_4)
FN:28,(anonymous_5)
FNF:6
FNH:1
FNDA:1,(anonymous_0)
FNDA:0,(anonymous_1)
FNDA:0,(anonymous_2)
FNDA:0,(anonymous_3)
FNDA:0,(anonymous_4)
FNDA:0,(anonymous_5)
DA:5,1
DA:7,1
DA:8,1
DA:10,1
DA:11,1
DA:13,1
DA:14,1
DA:16,1
DA:17,1
DA:19,1
DA:20,1
DA:23,0
DA:26,0
DA:29,0
LF:14
LH:11
BRF:0
BRH:0
end_of_record
